[2022-08-22 18:11:05 753478] Nguyenanhung\Backend\BaseAPI\Http\BaseHttp::checkUserSignature.294.ERROR: Sai hoac thieu tham so {"inputData":[],"requireData":["username","signature"]} []
[2022-08-22 18:11:05 754370] Nguyenanhung\Backend\BaseAPI\Http\WebServicePost::list.84.ERROR: Sai hoac thieu tham so [] []
[2022-08-22 18:12:07 921224] Nguyenanhung\Backend\BaseAPI\Http\BaseHttp::checkUserSignature.315.ERROR: Sai chu ky xac thuc {"stringForEncode":"hippo_push$hippo_push$8b0e6c3d79bbbf70794b5992b81221dd","validSignature":"2d20c538ebe88d1447eea276564b5a15","inputSignature":"9d908616c57e2b4c43b69e032293705d"} []
[2022-08-22 18:12:07 922319] Nguyenanhung\Backend\BaseAPI\Http\WebServicePost::list.84.ERROR: Sai chu ky xac thuc [] []
[2022-08-22 18:24:25 445887] Nguyenanhung\Backend\BaseAPI\Http\WebServicePost::validateCreateOrUpdate.263.ERROR: ["Post title is required","Post category is required","Post language is required","Post content is required","Username is required","Signature is required","Post type is required"] [] []
[2022-08-22 18:26:26 323160] Nguyenanhung\Backend\BaseAPI\Http\WebServicePost::validateCreateOrUpdate.263.ERROR: ["Post language is required","Username is required","Signature is required"] [] []
[2022-08-22 18:28:13 508571] Nguyenanhung\Backend\BaseAPI\Http\WebServicePost::validateCreateOrUpdate.285.ERROR: Not found category with id 1 [] []
[2022-08-22 18:28:22 272957] Nguyenanhung\Backend\BaseAPI\Http\BaseHttp::checkUserSignature.315.ERROR: Sai chu ky xac thuc {"stringForEncode":"post1$post1$post-1$1$post1$ok$vi$162$0$0$0$0$0$1$1$1$1$1$abc.jpg$1$1$hippo_push$8b0e6c3d79bbbf70794b5992b81221dd","validSignature":"b3ceb31b3d1cdf034837f480b7f24c39","inputSignature":"dsdsdsa"} []
[2022-08-22 18:28:22 273614] Nguyenanhung\Backend\BaseAPI\Http\WebServicePost::createOrUpdate.140.ERROR: Sai chu ky xac thuc [] []
[2022-08-22 18:28:43 740830] Nguyenanhung\Backend\BaseAPI\Http\BaseHttp::checkUserSignature.315.ERROR: Sai chu ky xac thuc {"stringForEncode":"post1$post1$post-1$1$post1$ok$vi$162$1$1$1$1$1$abc.jpg$1$1$hippo_push$8b0e6c3d79bbbf70794b5992b81221dd","validSignature":"4cc35dceac612102be561dbdd5fd8bd8","inputSignature":"b3ceb31b3d1cdf034837f480b7f24c39"} []
[2022-08-22 18:28:43 741639] Nguyenanhung\Backend\BaseAPI\Http\WebServicePost::createOrUpdate.140.ERROR: Sai chu ky xac thuc [] []
[2022-08-22 18:33:07 989774] Nguyenanhung\Backend\BaseAPI\Http\BaseHttp::checkUserSignature.315.ERROR: Sai chu ky xac thuc {"stringForEncode":"post1$post1$post-1$1$post1$ok$vi$162$21021$1$1$1$1$1$abc.jpg$1$1$hippo_push$8b0e6c3d79bbbf70794b5992b81221dd","validSignature":"a74ce739573eaa9f7155ffe7a338b29d","inputSignature":"4cc35dceac612102be561dbdd5fd8bd8"} []
[2022-08-22 18:33:07 990457] Nguyenanhung\Backend\BaseAPI\Http\WebServicePost::createOrUpdate.140.ERROR: Sai chu ky xac thuc [] []
[2022-08-22 18:34:34 441141] Nguyenanhung\Backend\BaseAPI\Http\BaseHttp::checkUserSignature.315.ERROR: Sai chu ky xac thuc {"stringForEncode":"post1$post1$post-1$1$post1$ok$vi$162$0$0$0$0$0$1$1$1$1$1$abc.jpg$1$1$hippo_push$8b0e6c3d79bbbf70794b5992b81221dd","validSignature":"b3ceb31b3d1cdf034837f480b7f24c39","inputSignature":"a74ce739573eaa9f7155ffe7a338b29d"} []
[2022-08-22 18:34:34 442001] Nguyenanhung\Backend\BaseAPI\Http\WebServicePost::createOrUpdate.140.ERROR: Sai chu ky xac thuc [] []
[2022-08-22 20:22:05 300900] Nguyenanhung\Backend\BaseAPI\Http\WebServicePost::show.413.ERROR: ["ID is required"] [] []
[2022-08-22 20:22:53 019546] Nguyenanhung\Backend\BaseAPI\Http\BaseHttp::checkUserSignature.315.ERROR: Sai chu ky xac thuc {"stringForEncode":"303$hippo_push$hippo_push$8b0e6c3d79bbbf70794b5992b81221dd","validSignature":"41c4aa2c3ed794c09f91ea708b51b12d","inputSignature":"a4682951680521469d98ccab52222702"} []
[2022-08-22 20:22:53 020574] WebServicePost.show.ERROR: Input data: {"id":"303","username":"hippo_push","signature":"a4682951680521469d98ccab52222702"} -> Response: {"result":3,"desc":"Sai chu ky xac thuc","valid":"41c4aa2c3ed794c09f91ea708b51b12d"} [] []
[2022-08-22 20:22:58 965966] Nguyenanhung\Backend\BaseAPI\Http\WebServicePost::show.439.ERROR: show post - Khong ton tai ban ghi tuong ung [] []
[2022-08-22 20:23:27 134671] Nguyenanhung\Backend\BaseAPI\Http\BaseHttp::checkUserSignature.315.ERROR: Sai chu ky xac thuc {"stringForEncode":"21022$hippo_push$hippo_push$8b0e6c3d79bbbf70794b5992b81221dd","validSignature":"69be61d4590e617c728e4397aca8373d","inputSignature":"41c4aa2c3ed794c09f91ea708b51b12d"} []
[2022-08-22 20:23:27 135169] WebServicePost.show.ERROR: Input data: {"id":"21022","username":"hippo_push","signature":"41c4aa2c3ed794c09f91ea708b51b12d"} -> Response: {"result":3,"desc":"Sai chu ky xac thuc","valid":"69be61d4590e617c728e4397aca8373d"} [] []
